[0308/224836.106:ERROR:process_info.cc(608)] range at 0xaa3a33ea00000000, size 0x1ca fully unreadable
[0308/224836.107:ERROR:process_info.cc(608)] range at 0xaa3a344c00000000, size 0x1ca fully unreadable
[0308/224836.107:ERROR:process_info.cc(608)] range at 0x0, size 0x1ca fully unreadable
[0308/224836.137:WARNING:in_range_cast.h(38)] value 1969950954286 out of range
[0308/224836.137:WARNING:in_range_cast.h(38)] value 1969950957140 out of range
[0308/224836.137:WARNING:in_range_cast.h(38)] value 1969950956184 out of range
[0308/224836.137:WARNING:in_range_cast.h(38)] value 1969950955728 out of range
[0308/224836.137:WARNING:in_range_cast.h(38)] value 1969950955182 out of range
[0308/224836.198:ERROR:process_reader_win.cc(233)] ReadMemory at 0xa7efbcd000 of 77824 bytes failed: Only part of a ReadProcessMemory or WriteProcessMemory request was completed. (0x12B)
[0308/224836.199:ERROR:crash_report_exception_handler.cc(111)] WriteEverything failed
[0308/224836.200:ERROR:scoped_process_suspend.cc(38)] NtResumeProcess: An attempt was made to access an exiting process.  (0xc000010a)
[0312/091936.286:ERROR:process_info.cc(608)] range at 0xb3ba34a200000000, size 0x200 fully unreadable
[0312/091936.287:ERROR:process_info.cc(608)] range at 0xb3ba350400000000, size 0x200 fully unreadable
[0312/091936.287:ERROR:process_info.cc(608)] range at 0x0, size 0x200 fully unreadable
[0312/091936.311:WARNING:in_range_cast.h(38)] value 2202038572762 out of range
[0312/091936.311:WARNING:in_range_cast.h(38)] value 2202038575322 out of range
[0312/091936.311:WARNING:in_range_cast.h(38)] value 2202038574604 out of range
[0312/091936.311:WARNING:in_range_cast.h(38)] value 2202038574248 out of range
[0312/091936.311:WARNING:in_range_cast.h(38)] value 2202038571024 out of range
[0312/091936.337:ERROR:process_reader_win.cc(233)] ReadMemory at 0x5a558ed000 of 77824 bytes failed: 仅完成部分的 ReadProcessMemory 或 WriteProcessMemory 请求。 (0x12B)
[0312/091936.337:ERROR:crash_report_exception_handler.cc(111)] WriteEverything failed
[0312/091936.339:ERROR:scoped_process_suspend.cc(38)] NtResumeProcess: 已尝试访问正在退出的过程。  (0xc000010a)
[0312/092347.794:ERROR:process_info.cc(608)] range at 0xc6da349e00000000, size 0x21c fully unreadable
[0312/092347.794:ERROR:process_info.cc(608)] range at 0xc6da350000000000, size 0x21c fully unreadable
[0312/092347.794:ERROR:process_info.cc(608)] range at 0x0, size 0x21c fully unreadable
[0312/092347.810:WARNING:in_range_cast.h(38)] value 2322618521308 out of range
[0312/092347.810:WARNING:in_range_cast.h(38)] value 2322618523868 out of range
[0312/092347.810:WARNING:in_range_cast.h(38)] value 2322618523150 out of range
[0312/092347.810:WARNING:in_range_cast.h(38)] value 2322618522794 out of range
[0312/092347.810:WARNING:in_range_cast.h(38)] value 2322618519570 out of range
[0312/092347.841:ERROR:process_reader_win.cc(233)] ReadMemory at 0x9f8c38d000 of 77824 bytes failed: 仅完成部分的 ReadProcessMemory 或 WriteProcessMemory 请求。 (0x12B)
[0312/092347.841:ERROR:crash_report_exception_handler.cc(111)] WriteEverything failed
[0312/092347.841:ERROR:scoped_process_suspend.cc(38)] NtResumeProcess: 已尝试访问正在退出的过程。  (0xc000010a)
[0312/105918.866:ERROR:process_info.cc(608)] range at 0x7d7234a400000000, size 0x210 fully unreadable
[0312/105918.866:ERROR:process_info.cc(608)] range at 0x7d72350400000000, size 0x210 fully unreadable
[0312/105918.866:ERROR:process_info.cc(608)] range at 0x0, size 0x210 fully unreadable
[0312/105918.885:WARNING:in_range_cast.h(38)] value 2269847361242 out of range
[0312/105918.885:WARNING:in_range_cast.h(38)] value 2269847363802 out of range
[0312/105918.885:WARNING:in_range_cast.h(38)] value 2269847363084 out of range
[0312/105918.885:WARNING:in_range_cast.h(38)] value 2269847362728 out of range
[0312/105918.885:WARNING:in_range_cast.h(38)] value 2269847359504 out of range
[0312/105918.917:ERROR:process_reader_win.cc(233)] ReadMemory at 0x28e9f0d000 of 77824 bytes failed: 仅完成部分的 ReadProcessMemory 或 WriteProcessMemory 请求。 (0x12B)
[0312/105918.917:ERROR:crash_report_exception_handler.cc(111)] WriteEverything failed
[0312/105918.917:ERROR:scoped_process_suspend.cc(38)] NtResumeProcess: 已尝试访问正在退出的过程。  (0xc000010a)
[0312/111536.593:ERROR:process_info.cc(608)] range at 0xc391381400000000, size 0x267 fully unreadable
[0312/111536.594:ERROR:process_info.cc(608)] range at 0xc391387600000000, size 0x267 fully unreadable
[0312/111536.594:ERROR:process_info.cc(608)] range at 0x0, size 0x267 fully unreadable
[0312/111536.616:WARNING:in_range_cast.h(38)] value 2644685952586 out of range
[0312/111536.616:WARNING:in_range_cast.h(38)] value 2644685955370 out of range
[0312/111536.616:WARNING:in_range_cast.h(38)] value 2644685954490 out of range
[0312/111536.616:WARNING:in_range_cast.h(38)] value 2644685954134 out of range
[0312/111536.616:WARNING:in_range_cast.h(38)] value 2644685950994 out of range
[0312/111536.638:ERROR:process_reader_win.cc(233)] ReadMemory at 0xbc3ed5e000 of 73728 bytes failed: 仅完成部分的 ReadProcessMemory 或 WriteProcessMemory 请求。 (0x12B)
[0312/111536.638:ERROR:crash_report_exception_handler.cc(111)] WriteEverything failed
[0312/111536.639:ERROR:scoped_process_suspend.cc(38)] NtResumeProcess: 已尝试访问正在退出的过程。  (0xc000010a)
[0312/111838.336:ERROR:process_info.cc(608)] range at 0xd327381400000000, size 0x19e fully unreadable
[0312/111838.336:ERROR:process_info.cc(608)] range at 0xd327387600000000, size 0x19e fully unreadable
[0312/111838.336:ERROR:process_info.cc(608)] range at 0x0, size 0x19e fully unreadable
[0312/111838.365:WARNING:in_range_cast.h(38)] value 1781659014730 out of range
[0312/111838.365:WARNING:in_range_cast.h(38)] value 1781659017514 out of range
[0312/111838.365:WARNING:in_range_cast.h(38)] value 1781659016634 out of range
[0312/111838.365:WARNING:in_range_cast.h(38)] value 1781659016278 out of range
[0312/111838.365:WARNING:in_range_cast.h(38)] value 1781659013138 out of range
[0312/111838.390:ERROR:process_reader_win.cc(233)] ReadMemory at 0x3d50aed000 of 77824 bytes failed: 仅完成部分的 ReadProcessMemory 或 WriteProcessMemory 请求。 (0x12B)
[0312/111838.390:ERROR:crash_report_exception_handler.cc(111)] WriteEverything failed
[0312/111838.391:ERROR:scoped_process_suspend.cc(38)] NtResumeProcess: 已尝试访问正在退出的过程。  (0xc000010a)
[0312/114215.960:ERROR:process_info.cc(608)] range at 0x3b2c381600000000, size 0x1b9 fully unreadable
[0312/114215.960:ERROR:process_info.cc(608)] range at 0x3b2c387800000000, size 0x1b9 fully unreadable
[0312/114215.960:ERROR:process_info.cc(608)] range at 0x0, size 0x1b9 fully unreadable
[0312/114215.991:WARNING:in_range_cast.h(38)] value 1895073322570 out of range
[0312/114215.991:WARNING:in_range_cast.h(38)] value 1895073325354 out of range
[0312/114215.991:WARNING:in_range_cast.h(38)] value 1895073324474 out of range
[0312/114215.991:WARNING:in_range_cast.h(38)] value 1895073324118 out of range
[0312/114215.991:WARNING:in_range_cast.h(38)] value 1895073320978 out of range
[0312/115852.120:ERROR:process_info.cc(608)] range at 0x4fdc380e00000000, size 0x120 fully unreadable
[0312/115852.120:ERROR:process_info.cc(608)] range at 0x4fdc387000000000, size 0x120 fully unreadable
[0312/115852.120:ERROR:process_info.cc(608)] range at 0x0, size 0x120 fully unreadable
[0312/115852.151:WARNING:in_range_cast.h(38)] value 1238290404936 out of range
[0312/115852.151:WARNING:in_range_cast.h(38)] value 1238290407720 out of range
[0312/115852.151:WARNING:in_range_cast.h(38)] value 1238290406840 out of range
[0312/115852.151:WARNING:in_range_cast.h(38)] value 1238290406484 out of range
[0312/115852.151:WARNING:in_range_cast.h(38)] value 1238290403344 out of range
[0312/115927.048:ERROR:process_info.cc(608)] range at 0xf71337400000000, size 0x297 fully unreadable
[0312/115927.048:ERROR:process_info.cc(608)] range at 0xf7133d600000000, size 0x297 fully unreadable
[0312/115927.048:ERROR:process_info.cc(608)] range at 0x0, size 0x297 fully unreadable
[0312/115927.079:WARNING:in_range_cast.h(38)] value 2847822386708 out of range
[0312/115927.079:WARNING:in_range_cast.h(38)] value 2847822389162 out of range
[0312/115927.079:WARNING:in_range_cast.h(38)] value 2847822388612 out of range
[0312/115927.079:WARNING:in_range_cast.h(38)] value 2847822388256 out of range
[0312/115927.079:WARNING:in_range_cast.h(38)] value 2847822385168 out of range
[0312/115927.111:ERROR:process_reader_win.cc(233)] ReadMemory at 0xfb05b8d000 of 77824 bytes failed: 仅完成部分的 ReadProcessMemory 或 WriteProcessMemory 请求。 (0x12B)
[0312/115927.111:ERROR:crash_report_exception_handler.cc(111)] WriteEverything failed
[0312/115927.111:ERROR:scoped_process_suspend.cc(38)] NtResumeProcess: 已尝试访问正在退出的过程。  (0xc000010a)
[0312/125419.989:ERROR:process_info.cc(608)] range at 0x58db381400000000, size 0x1f0 fully unreadable
[0312/125419.990:ERROR:process_info.cc(608)] range at 0x58db387600000000, size 0x1f0 fully unreadable
[0312/125419.990:ERROR:process_info.cc(608)] range at 0x0, size 0x1f0 fully unreadable
[0312/125420.012:WARNING:in_range_cast.h(38)] value 2131794531914 out of range
[0312/125420.012:WARNING:in_range_cast.h(38)] value 2131794534698 out of range
[0312/125420.012:WARNING:in_range_cast.h(38)] value 2131794533818 out of range
[0312/125420.012:WARNING:in_range_cast.h(38)] value 2131794533462 out of range
[0312/125420.012:WARNING:in_range_cast.h(38)] value 2131794530322 out of range
[0312/125420.040:ERROR:process_reader_win.cc(233)] ReadMemory at 0xde295ed000 of 77824 bytes failed: 仅完成部分的 ReadProcessMemory 或 WriteProcessMemory 请求。 (0x12B)
[0312/125420.041:ERROR:crash_report_exception_handler.cc(111)] WriteEverything failed
[0312/125420.042:ERROR:scoped_process_suspend.cc(38)] NtResumeProcess: 已尝试访问正在退出的过程。  (0xc000010a)
[0312/125432.229:ERROR:process_info.cc(608)] range at 0xedd7337200000000, size 0x18e fully unreadable
[0312/125432.229:ERROR:process_info.cc(608)] range at 0xedd733d400000000, size 0x18e fully unreadable
[0312/125432.230:ERROR:process_info.cc(608)] range at 0x0, size 0x18e fully unreadable
[0312/125432.260:WARNING:in_range_cast.h(38)] value 1713387279894 out of range
[0312/125432.260:WARNING:in_range_cast.h(38)] value 1713387282348 out of range
[0312/125432.260:WARNING:in_range_cast.h(38)] value 1713387281798 out of range
[0312/125432.260:WARNING:in_range_cast.h(38)] value 1713387281442 out of range
[0312/125432.260:WARNING:in_range_cast.h(38)] value 1713387278354 out of range
[0312/125432.295:ERROR:scoped_process_suspend.cc(38)] NtResumeProcess: 已尝试访问正在退出的过程。  (0xc000010a)
[0312/125630.536:ERROR:process_info.cc(608)] range at 0x67eb337400000000, size 0x239 fully unreadable
[0312/125630.536:ERROR:process_info.cc(608)] range at 0x67eb33d600000000, size 0x239 fully unreadable
[0312/125630.536:ERROR:process_info.cc(608)] range at 0x0, size 0x239 fully unreadable
[0312/125630.560:WARNING:in_range_cast.h(38)] value 2445579851284 out of range
[0312/125630.560:WARNING:in_range_cast.h(38)] value 2445579853738 out of range
[0312/125630.560:WARNING:in_range_cast.h(38)] value 2445579853188 out of range
[0312/125630.560:WARNING:in_range_cast.h(38)] value 2445579852832 out of range
[0312/125630.560:WARNING:in_range_cast.h(38)] value 2445579849744 out of range
[0312/125630.589:ERROR:process_reader_win.cc(233)] ReadMemory at 0xc000d1d000 of 77824 bytes failed: 仅完成部分的 ReadProcessMemory 或 WriteProcessMemory 请求。 (0x12B)
[0312/125630.589:ERROR:crash_report_exception_handler.cc(111)] WriteEverything failed
[0312/125630.589:ERROR:scoped_process_suspend.cc(38)] NtResumeProcess: 已尝试访问正在退出的过程。  (0xc000010a)
[0312/130815.213:ERROR:process_info.cc(608)] range at 0x3495381600000000, size 0x254 fully unreadable
[0312/130815.214:ERROR:process_info.cc(608)] range at 0x3495387800000000, size 0x254 fully unreadable
[0312/130815.214:ERROR:process_info.cc(608)] range at 0x0, size 0x254 fully unreadable
[0312/130815.235:WARNING:in_range_cast.h(38)] value 2560682694218 out of range
[0312/130815.235:WARNING:in_range_cast.h(38)] value 2560682697002 out of range
[0312/130815.235:WARNING:in_range_cast.h(38)] value 2560682696122 out of range
[0312/130815.235:WARNING:in_range_cast.h(38)] value 2560682695766 out of range
[0312/130815.235:WARNING:in_range_cast.h(38)] value 2560682692626 out of range
[0312/130816.854:ERROR:process_info.cc(608)] range at 0x744e381400000000, size 0x1c9 fully unreadable
[0312/130816.854:ERROR:process_info.cc(608)] range at 0x744e387600000000, size 0x1c9 fully unreadable
[0312/130816.854:ERROR:process_info.cc(608)] range at 0x0, size 0x1c9 fully unreadable
[0312/130816.885:WARNING:in_range_cast.h(38)] value 1964751328842 out of range
[0312/130816.885:WARNING:in_range_cast.h(38)] value 1964751331626 out of range
[0312/130816.885:WARNING:in_range_cast.h(38)] value 1964751330746 out of range
[0312/130816.885:WARNING:in_range_cast.h(38)] value 1964751330390 out of range
[0312/130816.885:WARNING:in_range_cast.h(38)] value 1964751327250 out of range
[0312/130816.918:ERROR:process_reader_win.cc(233)] ReadMemory at 0x81154ee000 of 73728 bytes failed: 仅完成部分的 ReadProcessMemory 或 WriteProcessMemory 请求。 (0x12B)
[0312/130816.919:ERROR:crash_report_exception_handler.cc(111)] WriteEverything failed
[0312/130816.920:ERROR:scoped_process_suspend.cc(38)] NtResumeProcess: 已尝试访问正在退出的过程。  (0xc000010a)
[0312/130817.460:ERROR:process_info.cc(608)] range at 0xee45381200000000, size 0x19e fully unreadable
[0312/130817.460:ERROR:process_info.cc(608)] range at 0xee45387400000000, size 0x19e fully unreadable
[0312/130817.460:ERROR:process_info.cc(608)] range at 0x0, size 0x19e fully unreadable
[0312/130817.476:WARNING:in_range_cast.h(38)] value 1782113965640 out of range
[0312/130817.476:WARNING:in_range_cast.h(38)] value 1782113968424 out of range
[0312/130817.476:WARNING:in_range_cast.h(38)] value 1782113967544 out of range
[0312/130817.476:WARNING:in_range_cast.h(38)] value 1782113967188 out of range
[0312/130817.476:WARNING:in_range_cast.h(38)] value 1782113964048 out of range
[0312/130817.507:ERROR:process_reader_win.cc(233)] ReadMemory at 0x7f71ced000 of 77824 bytes failed: 仅完成部分的 ReadProcessMemory 或 WriteProcessMemory 请求。 (0x12B)
[0312/130817.507:ERROR:crash_report_exception_handler.cc(111)] WriteEverything failed
[0312/130817.507:ERROR:scoped_process_suspend.cc(38)] NtResumeProcess: 已尝试访问正在退出的过程。  (0xc000010a)
[0312/131549.316:ERROR:process_info.cc(608)] range at 0xdc6b337400000000, size 0x2b3 fully unreadable
[0312/131549.316:ERROR:process_info.cc(608)] range at 0xdc6b33d600000000, size 0x2b3 fully unreadable
[0312/131549.316:ERROR:process_info.cc(608)] range at 0x0, size 0x2b3 fully unreadable
[0312/131549.347:WARNING:in_range_cast.h(38)] value 2971520407062 out of range
[0312/131549.347:WARNING:in_range_cast.h(38)] value 2971520409516 out of range
[0312/131549.347:WARNING:in_range_cast.h(38)] value 2971520408966 out of range
[0312/131549.347:WARNING:in_range_cast.h(38)] value 2971520408610 out of range
[0312/131549.347:WARNING:in_range_cast.h(38)] value 2971520405522 out of range
[0312/131549.363:ERROR:process_reader_win.cc(233)] ReadMemory at 0xb8d832e000 of 73728 bytes failed: 仅完成部分的 ReadProcessMemory 或 WriteProcessMemory 请求。 (0x12B)
[0312/131549.363:ERROR:crash_report_exception_handler.cc(111)] WriteEverything failed
[0312/131549.363:ERROR:scoped_process_suspend.cc(38)] NtResumeProcess: 已尝试访问正在退出的过程。  (0xc000010a)
[0312/133113.807:ERROR:process_info.cc(608)] range at 0x9a93337400000000, size 0x1d3 fully unreadable
[0312/133113.808:ERROR:process_info.cc(608)] range at 0x9a9333d600000000, size 0x1d3 fully unreadable
[0312/133113.808:ERROR:process_info.cc(608)] range at 0x0, size 0x1d3 fully unreadable
[0312/133113.836:WARNING:in_range_cast.h(38)] value 2008343057940 out of range
[0312/133113.836:WARNING:in_range_cast.h(38)] value 2008343060394 out of range
[0312/133113.836:WARNING:in_range_cast.h(38)] value 2008343059844 out of range
[0312/133113.836:WARNING:in_range_cast.h(38)] value 2008343059488 out of range
[0312/133113.836:WARNING:in_range_cast.h(38)] value 2008343056400 out of range
[0312/133113.864:ERROR:process_reader_win.cc(233)] ReadMemory at 0x545aaee000 of 73728 bytes failed: 仅完成部分的 ReadProcessMemory 或 WriteProcessMemory 请求。 (0x12B)
[0312/133113.864:ERROR:crash_report_exception_handler.cc(111)] WriteEverything failed
[0312/133113.865:ERROR:scoped_process_suspend.cc(38)] NtResumeProcess: 已尝试访问正在退出的过程。  (0xc000010a)
[0312/133236.684:ERROR:process_info.cc(608)] range at 0xf680337400000000, size 0x17b fully unreadable
[0312/133236.684:ERROR:process_info.cc(608)] range at 0xf68033d600000000, size 0x17b fully unreadable
[0312/133236.684:ERROR:process_info.cc(608)] range at 0x0, size 0x17b fully unreadable
[0312/133236.713:WARNING:in_range_cast.h(38)] value 1631928194580 out of range
[0312/133236.713:WARNING:in_range_cast.h(38)] value 1631928197034 out of range
[0312/133236.713:WARNING:in_range_cast.h(38)] value 1631928196484 out of range
[0312/133236.713:WARNING:in_range_cast.h(38)] value 1631928196128 out of range
[0312/133236.713:WARNING:in_range_cast.h(38)] value 1631928193040 out of range
[0312/133236.743:ERROR:process_reader_win.cc(233)] ReadMemory at 0x6730b0d000 of 77824 bytes failed: 仅完成部分的 ReadProcessMemory 或 WriteProcessMemory 请求。 (0x12B)
[0312/133236.743:ERROR:crash_report_exception_handler.cc(111)] WriteEverything failed
[0312/133236.744:ERROR:scoped_process_suspend.cc(38)] NtResumeProcess: 已尝试访问正在退出的过程。  (0xc000010a)
[0312/133811.754:ERROR:process_info.cc(608)] range at 0x5512337000000000, size 0x210 fully unreadable
[0312/133811.754:ERROR:process_info.cc(608)] range at 0x551233d200000000, size 0x210 fully unreadable
[0312/133811.754:ERROR:process_info.cc(608)] range at 0x0, size 0x210 fully unreadable
[0312/133811.785:WARNING:in_range_cast.h(38)] value 2269169980950 out of range
[0312/133811.785:WARNING:in_range_cast.h(38)] value 2269169983404 out of range
[0312/133811.785:WARNING:in_range_cast.h(38)] value 2269169982854 out of range
[0312/133811.785:WARNING:in_range_cast.h(38)] value 2269169982498 out of range
[0312/133811.785:WARNING:in_range_cast.h(38)] value 2269169979410 out of range
[0312/133811.816:ERROR:process_reader_win.cc(233)] ReadMemory at 0xc5fceed000 of 77824 bytes failed: 仅完成部分的 ReadProcessMemory 或 WriteProcessMemory 请求。 (0x12B)
[0312/133811.816:ERROR:crash_report_exception_handler.cc(111)] WriteEverything failed
[0312/133811.816:ERROR:scoped_process_suspend.cc(38)] NtResumeProcess: 已尝试访问正在退出的过程。  (0xc000010a)
[0312/133921.625:ERROR:process_info.cc(608)] range at 0x96b3381600000000, size 0x28b fully unreadable
[0312/133921.625:ERROR:process_info.cc(608)] range at 0x96b3387800000000, size 0x28b fully unreadable
[0312/133921.625:ERROR:process_info.cc(608)] range at 0x0, size 0x28b fully unreadable
[0312/133921.656:WARNING:in_range_cast.h(38)] value 2798552028746 out of range
[0312/133921.656:WARNING:in_range_cast.h(38)] value 2798552031530 out of range
[0312/133921.656:WARNING:in_range_cast.h(38)] value 2798552030650 out of range
[0312/133921.656:WARNING:in_range_cast.h(38)] value 2798552030294 out of range
[0312/133921.656:WARNING:in_range_cast.h(38)] value 2798552027154 out of range
[0312/133921.672:ERROR:process_reader_win.cc(233)] ReadMemory at 0x9b5fcee000 of 73728 bytes failed: 仅完成部分的 ReadProcessMemory 或 WriteProcessMemory 请求。 (0x12B)
[0312/133921.672:ERROR:crash_report_exception_handler.cc(111)] WriteEverything failed
[0312/133921.688:ERROR:scoped_process_suspend.cc(38)] NtResumeProcess: 已尝试访问正在退出的过程。  (0xc000010a)
[0312/134205.768:ERROR:process_info.cc(608)] range at 0xac32337400000000, size 0x141 fully unreadable
[0312/134205.768:ERROR:process_info.cc(608)] range at 0xac3233d600000000, size 0x141 fully unreadable
[0312/134205.768:ERROR:process_info.cc(608)] range at 0x0, size 0x141 fully unreadable
[0312/134205.799:WARNING:in_range_cast.h(38)] value 1381573465620 out of range
[0312/134205.799:WARNING:in_range_cast.h(38)] value 1381573468074 out of range
[0312/134205.799:WARNING:in_range_cast.h(38)] value 1381573467524 out of range
[0312/134205.799:WARNING:in_range_cast.h(38)] value 1381573467168 out of range
[0312/134205.799:WARNING:in_range_cast.h(38)] value 1381573464080 out of range
[0312/134205.831:ERROR:process_reader_win.cc(233)] ReadMemory at 0x141ac33a148 of 20 bytes failed: 仅完成部分的 ReadProcessMemory 或 WriteProcessMemory 请求。 (0x12B)
[0312/134205.831:ERROR:crash_report_exception_handler.cc(111)] WriteEverything failed
[0312/134205.831:ERROR:scoped_process_suspend.cc(38)] NtResumeProcess: 已尝试访问正在退出的过程。  (0xc000010a)
[0312/142247.116:ERROR:process_info.cc(608)] range at 0xe8b8337200000000, size 0x1c1 fully unreadable
[0312/142247.116:ERROR:process_info.cc(608)] range at 0xe8b833d400000000, size 0x1c1 fully unreadable
[0312/142247.116:ERROR:process_info.cc(608)] range at 0x0, size 0x1c1 fully unreadable
[0312/142247.147:WARNING:in_range_cast.h(38)] value 1932344694292 out of range
[0312/142247.147:WARNING:in_range_cast.h(38)] value 1932344696746 out of range
[0312/142247.147:WARNING:in_range_cast.h(38)] value 1932344696196 out of range
[0312/142247.147:WARNING:in_range_cast.h(38)] value 1932344695840 out of range
[0312/142247.147:WARNING:in_range_cast.h(38)] value 1932344692752 out of range
[0312/142247.178:ERROR:scoped_process_suspend.cc(38)] NtResumeProcess: 已尝试访问正在退出的过程。  (0xc000010a)
[0312/143827.992:ERROR:process_info.cc(608)] range at 0x433a381400000000, size 0x1fc fully unreadable
[0312/143827.992:ERROR:process_info.cc(608)] range at 0x433a387600000000, size 0x1fc fully unreadable
[0312/143827.992:ERROR:process_info.cc(608)] range at 0x0, size 0x1fc fully unreadable
[0312/143828.024:WARNING:in_range_cast.h(38)] value 2182971266632 out of range
[0312/143828.024:WARNING:in_range_cast.h(38)] value 2182971269416 out of range
[0312/143828.024:WARNING:in_range_cast.h(38)] value 2182971268536 out of range
[0312/143828.024:WARNING:in_range_cast.h(38)] value 2182971268180 out of range
[0312/143828.024:WARNING:in_range_cast.h(38)] value 2182971265040 out of range
[0312/143828.055:ERROR:process_reader_win.cc(233)] ReadMemory at 0xb848f5d000 of 77824 bytes failed: 仅完成部分的 ReadProcessMemory 或 WriteProcessMemory 请求。 (0x12B)
[0312/143828.055:ERROR:crash_report_exception_handler.cc(111)] WriteEverything failed
[0312/143828.055:ERROR:scoped_process_suspend.cc(38)] NtResumeProcess: 已尝试访问正在退出的过程。  (0xc000010a)
[0312/144725.087:ERROR:process_info.cc(608)] range at 0x485e337400000000, size 0x1fa fully unreadable
[0312/144725.087:ERROR:process_info.cc(608)] range at 0x485e33d600000000, size 0x1fa fully unreadable
[0312/144725.088:ERROR:process_info.cc(608)] range at 0x0, size 0x1fa fully unreadable
[0312/144725.115:WARNING:in_range_cast.h(38)] value 2174467577364 out of range
[0312/144725.115:WARNING:in_range_cast.h(38)] value 2174467579818 out of range
[0312/144725.115:WARNING:in_range_cast.h(38)] value 2174467579268 out of range
[0312/144725.115:WARNING:in_range_cast.h(38)] value 2174467578912 out of range
[0312/144725.115:WARNING:in_range_cast.h(38)] value 2174467575824 out of range
[0312/144725.145:ERROR:process_reader_win.cc(233)] ReadMemory at 0x1fa485fd750 of 132 bytes failed: 仅完成部分的 ReadProcessMemory 或 WriteProcessMemory 请求。 (0x12B)
[0312/144725.145:ERROR:crash_report_exception_handler.cc(111)] WriteEverything failed
[0312/144725.146:ERROR:scoped_process_suspend.cc(38)] NtResumeProcess: 已尝试访问正在退出的过程。  (0xc000010a)
[0312/145526.492:ERROR:process_info.cc(608)] range at 0xd682337600000000, size 0x207 fully unreadable
[0312/145526.492:ERROR:process_info.cc(608)] range at 0xd68233d600000000, size 0x207 fully unreadable
[0312/145526.492:ERROR:process_info.cc(608)] range at 0x0, size 0x207 fully unreadable
[0312/145526.521:WARNING:in_range_cast.h(38)] value 2232686876180 out of range
[0312/145526.521:WARNING:in_range_cast.h(38)] value 2232686878634 out of range
[0312/145526.521:WARNING:in_range_cast.h(38)] value 2232686878084 out of range
[0312/145526.521:WARNING:in_range_cast.h(38)] value 2232686877728 out of range
[0312/145526.521:WARNING:in_range_cast.h(38)] value 2232686874640 out of range
[0312/145526.546:ERROR:process_reader_win.cc(233)] ReadMemory at 0xdbfeced000 of 77824 bytes failed: 仅完成部分的 ReadProcessMemory 或 WriteProcessMemory 请求。 (0x12B)
[0312/145526.546:ERROR:crash_report_exception_handler.cc(111)] WriteEverything failed
[0312/145526.547:ERROR:scoped_process_suspend.cc(38)] NtResumeProcess: 已尝试访问正在退出的过程。  (0xc000010a)
[0312/191041.408:ERROR:process_info.cc(608)] range at 0x3ccc337600000000, size 0x249 fully unreadable
[0312/191041.408:ERROR:process_info.cc(608)] range at 0x3ccc33d600000000, size 0x249 fully unreadable
[0312/191041.408:ERROR:process_info.cc(608)] range at 0x0, size 0x249 fully unreadable
[0312/191041.440:WARNING:in_range_cast.h(38)] value 2513575876116 out of range
[0312/191041.440:WARNING:in_range_cast.h(38)] value 2513575878570 out of range
[0312/191041.440:WARNING:in_range_cast.h(38)] value 2513575878020 out of range
[0312/191041.440:WARNING:in_range_cast.h(38)] value 2513575877664 out of range
[0312/191041.440:WARNING:in_range_cast.h(38)] value 2513575874576 out of range
[0312/191041.471:ERROR:process_reader_win.cc(233)] ReadMemory at 0xf39d8ed000 of 77824 bytes failed: 仅完成部分的 ReadProcessMemory 或 WriteProcessMemory 请求。 (0x12B)
[0312/191041.471:ERROR:crash_report_exception_handler.cc(111)] WriteEverything failed
[0312/191041.471:ERROR:scoped_process_suspend.cc(38)] NtResumeProcess: 已尝试访问正在退出的过程。  (0xc000010a)
[0312/191144.119:ERROR:process_info.cc(608)] range at 0xa03d337600000000, size 0x2ac fully unreadable
[0312/191144.120:ERROR:process_info.cc(608)] range at 0xa03d33d800000000, size 0x2ac fully unreadable
[0312/191144.120:ERROR:process_info.cc(608)] range at 0x0, size 0x2ac fully unreadable
[0312/191144.143:WARNING:in_range_cast.h(38)] value 2940445988374 out of range
[0312/191144.143:WARNING:in_range_cast.h(38)] value 2940445990828 out of range
[0312/191144.143:WARNING:in_range_cast.h(38)] value 2940445990278 out of range
[0312/191144.143:WARNING:in_range_cast.h(38)] value 2940445989922 out of range
[0312/191144.143:WARNING:in_range_cast.h(38)] value 2940445986834 out of range
[0312/191144.176:ERROR:process_reader_win.cc(233)] ReadMemory at 0x7fff6685b6c0 of 512 bytes failed: 仅完成部分的 ReadProcessMemory 或 WriteProcessMemory 请求。 (0x12B)
[0312/191144.177:ERROR:crash_report_exception_handler.cc(111)] WriteEverything failed
[0312/191144.178:ERROR:scoped_process_suspend.cc(38)] NtResumeProcess: 已尝试访问正在退出的过程。  (0xc000010a)
[0312/194857.520:ERROR:process_info.cc(608)] range at 0x1fe7334e00000000, size 0x288 fully unreadable
[0312/194857.521:ERROR:process_info.cc(608)] range at 0x1fe733b000000000, size 0x288 fully unreadable
[0312/194857.521:ERROR:process_info.cc(608)] range at 0x0, size 0x288 fully unreadable
[0312/194857.549:WARNING:in_range_cast.h(38)] value 2783674045972 out of range
[0312/194857.549:WARNING:in_range_cast.h(38)] value 2783674048426 out of range
[0312/194857.549:WARNING:in_range_cast.h(38)] value 2783674047876 out of range
[0312/194857.549:WARNING:in_range_cast.h(38)] value 2783674047520 out of range
[0312/194857.549:WARNING:in_range_cast.h(38)] value 2783674044432 out of range
[0312/194857.586:ERROR:process_reader_win.cc(233)] ReadMemory at 0xd08aaf4000 of 49152 bytes failed: 仅完成部分的 ReadProcessMemory 或 WriteProcessMemory 请求。 (0x12B)
[0312/194857.586:ERROR:crash_report_exception_handler.cc(111)] WriteEverything failed
[0312/194857.587:ERROR:scoped_process_suspend.cc(38)] NtResumeProcess: 已尝试访问正在退出的过程。  (0xc000010a)
[0312/200111.506:ERROR:process_info.cc(608)] range at 0x5aaa337600000000, size 0x228 fully unreadable
[0312/200111.506:ERROR:process_info.cc(608)] range at 0x5aaa33d800000000, size 0x228 fully unreadable
[0312/200111.506:ERROR:process_info.cc(608)] range at 0x0, size 0x228 fully unreadable
[0312/200111.534:WARNING:in_range_cast.h(38)] value 2372343043606 out of range
[0312/200111.534:WARNING:in_range_cast.h(38)] value 2372343046060 out of range
[0312/200111.534:WARNING:in_range_cast.h(38)] value 2372343045510 out of range
[0312/200111.534:WARNING:in_range_cast.h(38)] value 2372343045154 out of range
[0312/200111.534:WARNING:in_range_cast.h(38)] value 2372343042066 out of range
[0312/200111.564:ERROR:process_reader_win.cc(233)] ReadMemory at 0xff30afd000 of 77824 bytes failed: 仅完成部分的 ReadProcessMemory 或 WriteProcessMemory 请求。 (0x12B)
[0312/200111.565:ERROR:crash_report_exception_handler.cc(111)] WriteEverything failed
[0312/200111.565:ERROR:scoped_process_suspend.cc(38)] NtResumeProcess: 已尝试访问正在退出的过程。  (0xc000010a)
[0312/200558.105:ERROR:process_info.cc(608)] range at 0x1669381600000000, size 0x175 fully unreadable
[0312/200558.105:ERROR:process_info.cc(608)] range at 0x1669387800000000, size 0x175 fully unreadable
[0312/200558.105:ERROR:process_info.cc(608)] range at 0x0, size 0x175 fully unreadable
[0312/200558.129:WARNING:in_range_cast.h(38)] value 1602398787144 out of range
[0312/200558.129:WARNING:in_range_cast.h(38)] value 1602398789928 out of range
[0312/200558.129:WARNING:in_range_cast.h(38)] value 1602398789048 out of range
[0312/200558.129:WARNING:in_range_cast.h(38)] value 1602398788692 out of range
[0312/200558.129:WARNING:in_range_cast.h(38)] value 1602398785552 out of range
[0312/200558.159:ERROR:process_reader_win.cc(233)] ReadMemory at 0x12ff4ed000 of 77824 bytes failed: 仅完成部分的 ReadProcessMemory 或 WriteProcessMemory 请求。 (0x12B)
[0312/200558.159:ERROR:crash_report_exception_handler.cc(111)] WriteEverything failed
[0312/200558.161:ERROR:scoped_process_suspend.cc(38)] NtResumeProcess: 已尝试访问正在退出的过程。  (0xc000010a)
[0312/200647.123:ERROR:process_info.cc(608)] range at 0x72ba337400000000, size 0x26b fully unreadable
[0312/200647.123:ERROR:process_info.cc(608)] range at 0x72ba33d600000000, size 0x26b fully unreadable
[0312/200647.123:ERROR:process_info.cc(608)] range at 0x0, size 0x26b fully unreadable
[0312/200647.150:WARNING:in_range_cast.h(38)] value 2660509554196 out of range
[0312/200647.150:WARNING:in_range_cast.h(38)] value 2660509556650 out of range
[0312/200647.150:WARNING:in_range_cast.h(38)] value 2660509556100 out of range
[0312/200647.150:WARNING:in_range_cast.h(38)] value 2660509555744 out of range
[0312/200647.150:WARNING:in_range_cast.h(38)] value 2660509552656 out of range
[0312/200649.431:ERROR:process_info.cc(608)] range at 0x5c91337600000000, size 0x1e8 fully unreadable
[0312/200649.431:ERROR:process_info.cc(608)] range at 0x5c9133d800000000, size 0x1e8 fully unreadable
[0312/200649.431:ERROR:process_info.cc(608)] range at 0x0, size 0x1e8 fully unreadable
[0312/200649.446:WARNING:in_range_cast.h(38)] value 2097497052692 out of range
[0312/200649.446:WARNING:in_range_cast.h(38)] value 2097497055146 out of range
[0312/200649.446:WARNING:in_range_cast.h(38)] value 2097497054596 out of range
[0312/200649.446:WARNING:in_range_cast.h(38)] value 2097497054240 out of range
[0312/200649.446:WARNING:in_range_cast.h(38)] value 2097497051152 out of range
[0312/200652.115:ERROR:process_info.cc(608)] range at 0xa71d337600000000, size 0x179 fully unreadable
[0312/200652.115:ERROR:process_info.cc(608)] range at 0xa71d33d800000000, size 0x179 fully unreadable
[0312/200652.115:ERROR:process_info.cc(608)] range at 0x0, size 0x179 fully unreadable
[0312/200652.146:WARNING:in_range_cast.h(38)] value 1622006371860 out of range
[0312/200652.146:WARNING:in_range_cast.h(38)] value 1622006374314 out of range
[0312/200652.146:WARNING:in_range_cast.h(38)] value 1622006373764 out of range
[0312/200652.146:WARNING:in_range_cast.h(38)] value 1622006373408 out of range
[0312/200652.146:WARNING:in_range_cast.h(38)] value 1622006370320 out of range
[0312/200652.177:ERROR:process_reader_win.cc(233)] ReadMemory at 0x298f3ed000 of 77824 bytes failed: 仅完成部分的 ReadProcessMemory 或 WriteProcessMemory 请求。 (0x12B)
[0312/200652.177:ERROR:crash_report_exception_handler.cc(111)] WriteEverything failed
[0312/200652.177:ERROR:scoped_process_suspend.cc(38)] NtResumeProcess: 已尝试访问正在退出的过程。  (0xc000010a)
[0312/202156.294:ERROR:process_info.cc(608)] range at 0xc6b337600000000, size 0x245 fully unreadable
[0312/202156.294:ERROR:process_info.cc(608)] range at 0xc6b33d800000000, size 0x245 fully unreadable
[0312/202156.294:ERROR:process_info.cc(608)] range at 0x0, size 0x245 fully unreadable
[0312/202156.320:WARNING:in_range_cast.h(38)] value 2495584343574 out of range
[0312/202156.320:WARNING:in_range_cast.h(38)] value 2495584346028 out of range
[0312/202156.320:WARNING:in_range_cast.h(38)] value 2495584345478 out of range
[0312/202156.320:WARNING:in_range_cast.h(38)] value 2495584345122 out of range
[0312/202156.320:WARNING:in_range_cast.h(38)] value 2495584342034 out of range
[0312/202156.355:ERROR:scoped_process_suspend.cc(38)] NtResumeProcess: 已尝试访问正在退出的过程。  (0xc000010a)
[0312/202739.143:ERROR:process_info.cc(608)] range at 0x71fd337400000000, size 0x180 fully unreadable
[0312/202739.143:ERROR:process_info.cc(608)] range at 0x71fd33d600000000, size 0x180 fully unreadable
[0312/202739.143:ERROR:process_info.cc(608)] range at 0x0, size 0x180 fully unreadable
[0312/202739.175:WARNING:in_range_cast.h(38)] value 1651179853334 out of range
[0312/202739.175:WARNING:in_range_cast.h(38)] value 1651179855788 out of range
[0312/202739.175:WARNING:in_range_cast.h(38)] value 1651179855238 out of range
[0312/202739.175:WARNING:in_range_cast.h(38)] value 1651179854882 out of range
[0312/202739.175:WARNING:in_range_cast.h(38)] value 1651179851794 out of range
[0312/202739.206:ERROR:process_reader_win.cc(233)] ReadMemory at 0x47ac6ed000 of 77824 bytes failed: 仅完成部分的 ReadProcessMemory 或 WriteProcessMemory 请求。 (0x12B)
[0312/202739.206:ERROR:crash_report_exception_handler.cc(111)] WriteEverything failed
[0312/202739.207:ERROR:scoped_process_suspend.cc(38)] NtResumeProcess: 已尝试访问正在退出的过程。  (0xc000010a)
[0312/202740.368:ERROR:process_info.cc(608)] range at 0xc943337400000000, size 0x17c fully unreadable
[0312/202740.368:ERROR:process_info.cc(608)] range at 0xc94333d400000000, size 0x17c fully unreadable
[0312/202740.368:ERROR:process_info.cc(608)] range at 0x0, size 0x17c fully unreadable
[0312/202740.399:WARNING:in_range_cast.h(38)] value 1635464189460 out of range
[0312/202740.399:WARNING:in_range_cast.h(38)] value 1635464191914 out of range
[0312/202740.399:WARNING:in_range_cast.h(38)] value 1635464191364 out of range
[0312/202740.399:WARNING:in_range_cast.h(38)] value 1635464191008 out of range
[0312/202740.399:WARNING:in_range_cast.h(38)] value 1635464187920 out of range
[0312/202856.794:ERROR:process_info.cc(608)] range at 0x3b23337400000000, size 0x1db fully unreadable
[0312/202856.795:ERROR:process_info.cc(608)] range at 0x3b2333d600000000, size 0x1db fully unreadable
[0312/202856.795:ERROR:process_info.cc(608)] range at 0x0, size 0x1db fully unreadable
[0312/202856.819:WARNING:in_range_cast.h(38)] value 2041101620756 out of range
[0312/202856.819:WARNING:in_range_cast.h(38)] value 2041101623210 out of range
[0312/202856.819:WARNING:in_range_cast.h(38)] value 2041101622660 out of range
[0312/202856.819:WARNING:in_range_cast.h(38)] value 2041101622304 out of range
[0312/202856.819:WARNING:in_range_cast.h(38)] value 2041101619216 out of range
[0312/202856.850:ERROR:process_reader_win.cc(233)] ReadMemory at 0x4a636ee000 of 73728 bytes failed: 仅完成部分的 ReadProcessMemory 或 WriteProcessMemory 请求。 (0x12B)
[0312/202856.850:ERROR:crash_report_exception_handler.cc(111)] WriteEverything failed
[0312/202856.851:ERROR:scoped_process_suspend.cc(38)] NtResumeProcess: 已尝试访问正在退出的过程。  (0xc000010a)
[0312/203928.598:ERROR:process_info.cc(608)] range at 0x849e337200000000, size 0x1e1 fully unreadable
[0312/203928.599:ERROR:process_info.cc(608)] range at 0x849e33d400000000, size 0x1e1 fully unreadable
[0312/203928.599:ERROR:process_info.cc(608)] range at 0x0, size 0x1e1 fully unreadable
[0312/203928.629:WARNING:in_range_cast.h(38)] value 2068104222230 out of range
[0312/203928.629:WARNING:in_range_cast.h(38)] value 2068104224684 out of range
[0312/203928.629:WARNING:in_range_cast.h(38)] value 2068104224134 out of range
[0312/203928.629:WARNING:in_range_cast.h(38)] value 2068104223778 out of range
[0312/203928.629:WARNING:in_range_cast.h(38)] value 2068104220690 out of range
[0312/203928.661:ERROR:process_reader_win.cc(233)] ReadMemory at 0xd4f1ced000 of 77824 bytes failed: 仅完成部分的 ReadProcessMemory 或 WriteProcessMemory 请求。 (0x12B)
[0312/203928.661:ERROR:crash_report_exception_handler.cc(111)] WriteEverything failed
[0312/203928.661:ERROR:scoped_process_suspend.cc(38)] NtResumeProcess: 已尝试访问正在退出的过程。  (0xc000010a)
[0312/210026.201:ERROR:process_info.cc(608)] range at 0x2d88337600000000, size 0x1df fully unreadable
[0312/210026.202:ERROR:process_info.cc(608)] range at 0x2d8833d800000000, size 0x1df fully unreadable
[0312/210026.202:ERROR:process_info.cc(608)] range at 0x0, size 0x1df fully unreadable
[0312/210026.228:WARNING:in_range_cast.h(38)] value 2058053228054 out of range
[0312/210026.228:WARNING:in_range_cast.h(38)] value 2058053230508 out of range
[0312/210026.228:WARNING:in_range_cast.h(38)] value 2058053229958 out of range
[0312/210026.228:WARNING:in_range_cast.h(38)] value 2058053229602 out of range
[0312/210026.228:WARNING:in_range_cast.h(38)] value 2058053226514 out of range
[0312/210026.261:ERROR:process_reader_win.cc(233)] ReadMemory at 0x7fff6685b6c0 of 512 bytes failed: 仅完成部分的 ReadProcessMemory 或 WriteProcessMemory 请求。 (0x12B)
[0312/210026.261:ERROR:crash_report_exception_handler.cc(111)] WriteEverything failed
[0312/210026.262:ERROR:scoped_process_suspend.cc(38)] NtResumeProcess: 已尝试访问正在退出的过程。  (0xc000010a)
[0315/214356.010:ERROR:process_info.cc(608)] range at 0x81c4337600000000, size 0x19e fully unreadable
[0315/214356.010:ERROR:process_info.cc(608)] range at 0x81c433d800000000, size 0x19e fully unreadable
[0315/214356.010:ERROR:process_info.cc(608)] range at 0x0, size 0x19e fully unreadable
[0315/214356.042:WARNING:in_range_cast.h(38)] value 1780293572116 out of range
[0315/214356.042:WARNING:in_range_cast.h(38)] value 1780293574570 out of range
[0315/214356.042:WARNING:in_range_cast.h(38)] value 1780293574020 out of range
[0315/214356.042:WARNING:in_range_cast.h(38)] value 1780293573664 out of range
[0315/214356.042:WARNING:in_range_cast.h(38)] value 1780293570576 out of range
[0315/214356.120:ERROR:process_reader_win.cc(233)] ReadMemory at 0x7357ced000 of 77824 bytes failed: 仅完成部分的 ReadProcessMemory 或 WriteProcessMemory 请求。 (0x12B)
[0315/214356.120:ERROR:crash_report_exception_handler.cc(111)] WriteEverything failed
[0315/214356.120:ERROR:scoped_process_suspend.cc(38)] NtResumeProcess: 已尝试访问正在退出的过程。  (0xc000010a)
[0318/203233.028:ERROR:process_info.cc(608)] range at 0xd802342400000000, size 0x15e fully unreadable
[0318/203233.028:ERROR:process_info.cc(608)] range at 0xd802348a00000000, size 0x15e fully unreadable
[0318/203233.028:ERROR:process_info.cc(608)] range at 0x0, size 0x15e fully unreadable
[0318/203233.075:WARNING:in_range_cast.h(38)] value 1506862568980 out of range
[0318/203233.075:WARNING:in_range_cast.h(38)] value 1506862571612 out of range
[0318/203233.075:WARNING:in_range_cast.h(38)] value 1506862570964 out of range
[0318/203233.075:WARNING:in_range_cast.h(38)] value 1506862570528 out of range
[0318/203233.075:WARNING:in_range_cast.h(38)] value 1506862567440 out of range
[0318/203233.091:ERROR:process_reader_win.cc(233)] ReadMemory at 0x2eb11ee000 of 73728 bytes failed: 仅完成部分的 ReadProcessMemory 或 WriteProcessMemory 请求。 (0x12B)
[0318/203233.091:ERROR:crash_report_exception_handler.cc(111)] WriteEverything failed
[0318/203233.106:ERROR:scoped_process_suspend.cc(38)] NtResumeProcess: 已尝试访问正在退出的过程。  (0xc000010a)
[0318/203318.383:ERROR:process_info.cc(608)] range at 0x31bd342200000000, size 0x1aa fully unreadable
[0318/203318.383:ERROR:process_info.cc(608)] range at 0x31bd348800000000, size 0x1aa fully unreadable
[0318/203318.383:ERROR:process_info.cc(608)] range at 0x0, size 0x1aa fully unreadable
[0318/203318.399:WARNING:in_range_cast.h(38)] value 1830490543636 out of range
[0318/203318.399:WARNING:in_range_cast.h(38)] value 1830490546268 out of range
[0318/203318.399:WARNING:in_range_cast.h(38)] value 1830490545620 out of range
[0318/203318.399:WARNING:in_range_cast.h(38)] value 1830490545184 out of range
[0318/203318.399:WARNING:in_range_cast.h(38)] value 1830490542096 out of range
[0318/203318.430:ERROR:process_reader_win.cc(233)] ReadMemory at 0x2bff9cd000 of 77824 bytes failed: 仅完成部分的 ReadProcessMemory 或 WriteProcessMemory 请求。 (0x12B)
[0318/203318.430:ERROR:crash_report_exception_handler.cc(111)] WriteEverything failed
[0318/203318.430:ERROR:scoped_process_suspend.cc(38)] NtResumeProcess: 已尝试访问正在退出的过程。  (0xc000010a)
[0318/203535.328:ERROR:process_info.cc(608)] range at 0x7202342400000000, size 0x173 fully unreadable
[0318/203535.328:ERROR:process_info.cc(608)] range at 0x7202348800000000, size 0x173 fully unreadable
[0318/203535.328:ERROR:process_info.cc(608)] range at 0x0, size 0x173 fully unreadable
[0318/203535.344:WARNING:in_range_cast.h(38)] value 1595345606164 out of range
[0318/203535.344:WARNING:in_range_cast.h(38)] value 1595345608796 out of range
[0318/203535.344:WARNING:in_range_cast.h(38)] value 1595345608148 out of range
[0318/203535.344:WARNING:in_range_cast.h(38)] value 1595345607712 out of range
[0318/203535.344:WARNING:in_range_cast.h(38)] value 1595345604624 out of range
[0318/203535.375:ERROR:scoped_process_suspend.cc(38)] NtResumeProcess: 已尝试访问正在退出的过程。  (0xc000010a)
[0320/194618.222:ERROR:process_info.cc(608)] range at 0x22e4337000000000, size 0x1c4 fully unreadable
[0320/194618.223:ERROR:process_info.cc(608)] range at 0x22e433d600000000, size 0x1c4 fully unreadable
[0320/194618.223:ERROR:process_info.cc(608)] range at 0x0, size 0x1c4 fully unreadable
[0320/194618.247:WARNING:in_range_cast.h(38)] value 1941910590996 out of range
[0320/194618.247:WARNING:in_range_cast.h(38)] value 1941910593450 out of range
[0320/194618.247:WARNING:in_range_cast.h(38)] value 1941910592900 out of range
[0320/194618.247:WARNING:in_range_cast.h(38)] value 1941910592544 out of range
[0320/194618.247:WARNING:in_range_cast.h(38)] value 1941910589456 out of range
[0320/194618.272:ERROR:process_reader_win.cc(233)] ReadMemory at 0x1399b7d000 of 77824 bytes failed: 仅完成部分的 ReadProcessMemory 或 WriteProcessMemory 请求。 (0x12B)
[0320/194618.272:ERROR:crash_report_exception_handler.cc(111)] WriteEverything failed
[0320/194618.272:ERROR:scoped_process_suspend.cc(38)] NtResumeProcess: 已尝试访问正在退出的过程。  (0xc000010a)
[0320/194621.035:ERROR:process_info.cc(608)] range at 0x9fb7337400000000, size 0x12f fully unreadable
[0320/194621.036:ERROR:process_info.cc(608)] range at 0x9fb733da00000000, size 0x12f fully unreadable
[0320/194621.036:ERROR:process_info.cc(608)] range at 0x0, size 0x12f fully unreadable
[0320/194621.057:WARNING:in_range_cast.h(38)] value 1304054666772 out of range
[0320/194621.057:WARNING:in_range_cast.h(38)] value 1304054669226 out of range
[0320/194621.057:WARNING:in_range_cast.h(38)] value 1304054668676 out of range
[0320/194621.057:WARNING:in_range_cast.h(38)] value 1304054668320 out of range
[0320/194621.057:WARNING:in_range_cast.h(38)] value 1304054665232 out of range
[0320/194621.078:ERROR:process_reader_win.cc(233)] ReadMemory at 0xf8deed000 of 77824 bytes failed: 仅完成部分的 ReadProcessMemory 或 WriteProcessMemory 请求。 (0x12B)
[0320/194621.078:ERROR:crash_report_exception_handler.cc(111)] WriteEverything failed
[0320/194621.079:ERROR:scoped_process_suspend.cc(38)] NtResumeProcess: 已尝试访问正在退出的过程。  (0xc000010a)
[0323/134345.503:ERROR:process_info.cc(608)] range at 0x54d4342200000000, size 0x1e1 fully unreadable
[0323/134345.503:ERROR:process_info.cc(608)] range at 0x54d4348800000000, size 0x1e1 fully unreadable
[0323/134345.503:ERROR:process_info.cc(608)] range at 0x0, size 0x1e1 fully unreadable
[0323/134345.534:WARNING:in_range_cast.h(38)] value 2067302454804 out of range
[0323/134345.534:WARNING:in_range_cast.h(38)] value 2067302457436 out of range
[0323/134345.534:WARNING:in_range_cast.h(38)] value 2067302456788 out of range
[0323/134345.534:WARNING:in_range_cast.h(38)] value 2067302456352 out of range
[0323/134345.534:WARNING:in_range_cast.h(38)] value 2067302453264 out of range
[0323/134345.565:ERROR:process_reader_win.cc(233)] ReadMemory at 0x302afd000 of 77824 bytes failed: 仅完成部分的 ReadProcessMemory 或 WriteProcessMemory 请求。 (0x12B)
[0323/134345.565:ERROR:crash_report_exception_handler.cc(111)] WriteEverything failed
[0323/134345.565:ERROR:scoped_process_suspend.cc(38)] NtResumeProcess: 已尝试访问正在退出的过程。  (0xc000010a)
